00:27:18 **** Incremental Build of configuration Debug for project door_locker_control_ECU ****
make all 
Building file: ../control_ecu.c
Invoking: AVR Compiler
avr-gcc -Wall -g2 -gstabs -O0 -fpack-struct -fshort-enums -ffunction-sections -fdata-sections -std=gnu99 -funsigned-char -funsigned-bitfields -mmcu=atmega16 -DF_CPU=1000000UL -MMD -MP -MF"control_ecu.d" -MT"control_ecu.o" -c -o "control_ecu.o" "../control_ecu.c"
In file included from ../control_ecu.c:19:
c:/winavr-20100110/lib/gcc/../../avr/include/util/delay.h:90:3: warning: #warning "Compiler optimizations disabled; functions from <util/delay.h> won't work as designed"
Finished building: ../control_ecu.c
 
Building file: ../dcmotor.c
Invoking: AVR Compiler
avr-gcc -Wall -g2 -gstabs -O0 -fpack-struct -fshort-enums -ffunction-sections -fdata-sections -std=gnu99 -funsigned-char -funsigned-bitfields -mmcu=atmega16 -DF_CPU=1000000UL -MMD -MP -MF"dcmotor.d" -MT"dcmotor.o" -c -o "dcmotor.o" "../dcmotor.c"
Finished building: ../dcmotor.c
 
Building target: door_locker_control_ECU.elf
Invoking: AVR C Linker
avr-gcc -Wl,-Map,door_locker_control_ECU.map -mmcu=atmega16 -o "door_locker_control_ECU.elf"  ./control_ecu.o ./dcmotor.o ./gpio.o ./timers.o ./uart.o   
Finished building target: door_locker_control_ECU.elf
 
Invoking: AVR Create Extended Listing
avr-objdump -h -S door_locker_control_ECU.elf  >"door_locker_control_ECU.lss"
Finished building: door_locker_control_ECU.lss
 
Invoking: Print Size
avr-size --format=avr --mcu=atmega16 door_locker_control_ECU.elf
AVR Memory Usage
----------------
Device: atmega16

Program:    3930 bytes (24.0% Full)
(.text + .data + .bootloader)

Data:         20 bytes (2.0% Full)
(.data + .bss + .noinit)


Finished building: sizedummy
 
